START TIME: Tue Nov 18 20:45:26 CET 2025
END TIME: Tue Nov 18 20:45:26 CET 2025
[sbatch-master] running on nid007357
[sbatch-master] SLURM_NODELIST: nid[007357,007362]
[sbatch-master] SLURM_NNODES: 2
[sbatch-master] SLURM_NODEID: 0
[sbatch-master] define some env vars that will be passed to the compute nodes
[sbatch-master] execute command on compute nodes
slurmstepd: error: couldn't chdir to `/workspace': No such file or directory: going to /tmp instead
slurmstepd: error: couldn't chdir to `/workspace': No such file or directory: going to /tmp instead
slurmstepd: error: couldn't chdir to `/workspace': No such file or directory: going to /tmp instead
slurmstepd: error: couldn't chdir to `/workspace': No such file or directory: going to /tmp instead
[srun] rank=0 host=nid007357 noderank=0 localrank=0
W1118 20:45:45.177000 87546 torch/distributed/run.py:792] 
W1118 20:45:45.177000 87546 torch/distributed/run.py:792] *****************************************
W1118 20:45:45.177000 87546 torch/distributed/run.py:792] Setting OMP_NUM_THREADS environment variable for each process to be 1 in default, to avoid your system being overloaded, please further tune the variable for optimal performance in your application as needed. 
W1118 20:45:45.177000 87546 torch/distributed/run.py:792] *****************************************
[srun] rank=1 host=nid007362 noderank=1 localrank=0
W1118 20:45:59.181000 5820 torch/distributed/run.py:792] 
W1118 20:45:59.181000 5820 torch/distributed/run.py:792] *****************************************
W1118 20:45:59.181000 5820 torch/distributed/run.py:792] Setting OMP_NUM_THREADS environment variable for each process to be 1 in default, to avoid your system being overloaded, please further tune the variable for optimal performance in your application as needed. 
W1118 20:45:59.181000 5820 torch/distributed/run.py:792] *****************************************
Traceback (most recent call last):
  File "/iopsstor/scratch/cscs/yiswang/large-sc/project/train.py", line 10, in <module>
Traceback (most recent call last):
Traceback (most recent call last):
  File "/iopsstor/scratch/cscs/yiswang/large-sc/project/train.py", line 10, in <module>
  File "/iopsstor/scratch/cscs/yiswang/large-sc/project/train.py", line 10, in <module>
Traceback (most recent call last):
  File "/iopsstor/scratch/cscs/yiswang/large-sc/project/train.py", line 10, in <module>
    from torch.distributed.fsdp import fully_shard
        from torch.distributed.fsdp import fully_shard    
from torch.distributed.fsdp import fully_shardfrom torch.distributed.fsdp import fully_shard

ImportError: cannot import name 'fully_shard' from 'torch.distributed.fsdp' (/usr/local/lib/python3.12/dist-packages/torch/distributed/fsdp/__init__.py)ImportError: ImportErrorImportErrorcannot import name 'fully_shard' from 'torch.distributed.fsdp' (/usr/local/lib/python3.12/dist-packages/torch/distributed/fsdp/__init__.py): : cannot import name 'fully_shard' from 'torch.distributed.fsdp' (/usr/local/lib/python3.12/dist-packages/torch/distributed/fsdp/__init__.py)cannot import name 'fully_shard' from 'torch.distributed.fsdp' (/usr/local/lib/python3.12/dist-packages/torch/distributed/fsdp/__init__.py)



Traceback (most recent call last):
  File "/iopsstor/scratch/cscs/yiswang/large-sc/project/train.py", line 10, in <module>
Traceback (most recent call last):
Traceback (most recent call last):
  File "/iopsstor/scratch/cscs/yiswang/large-sc/project/train.py", line 10, in <module>
  File "/iopsstor/scratch/cscs/yiswang/large-sc/project/train.py", line 10, in <module>
            from torch.distributed.fsdp import fully_shardfrom torch.distributed.fsdp import fully_shardfrom torch.distributed.fsdp import fully_shard


ImportErrorImportErrorImportError: : : cannot import name 'fully_shard' from 'torch.distributed.fsdp' (/usr/local/lib/python3.12/dist-packages/torch/distributed/fsdp/__init__.py)cannot import name 'fully_shard' from 'torch.distributed.fsdp' (/usr/local/lib/python3.12/dist-packages/torch/distributed/fsdp/__init__.py)cannot import name 'fully_shard' from 'torch.distributed.fsdp' (/usr/local/lib/python3.12/dist-packages/torch/distributed/fsdp/__init__.py)


Traceback (most recent call last):
  File "/iopsstor/scratch/cscs/yiswang/large-sc/project/train.py", line 10, in <module>
    from torch.distributed.fsdp import fully_shard
ImportError: cannot import name 'fully_shard' from 'torch.distributed.fsdp' (/usr/local/lib/python3.12/dist-packages/torch/distributed/fsdp/__init__.py)
E1118 20:46:04.514000 87546 torch/distributed/elastic/multiprocessing/api.py:869] failed (exitcode: 1) local_rank: 0 (pid: 88055) of binary: /usr/bin/python
E1118 20:46:04.514000 5820 torch/distributed/elastic/multiprocessing/api.py:869] failed (exitcode: 1) local_rank: 0 (pid: 6312) of binary: /usr/bin/python
Traceback (most recent call last):
  File "/usr/local/bin/torchrun", line 33, in <module>
    sys.exit(load_entry_point('torch==2.6.0a0+ecf3bae40a.nv25.1', 'console_scripts', 'torchrun')())
             ^^^^^^^^^^^^^^^^^^^^^^^^^^^^^^^^^^^^^^^^^^^^^^^^^^^^^^^^^^^^^^^^^^^^^^^^^^^^^^^^^^^^^
  File "/usr/local/lib/python3.12/dist-packages/torch/distributed/elastic/multiprocessing/errors/__init__.py", line 355, in wrapper
Traceback (most recent call last):
  File "/usr/local/bin/torchrun", line 33, in <module>
    sys.exit(load_entry_point('torch==2.6.0a0+ecf3bae40a.nv25.1', 'console_scripts', 'torchrun')())
             ^^^^^^^^^^^^^^^^^^^^^^^^^^^^^^^^^^^^^^^^^^^^^^^^^^^^^^^^^^^^^^^^^^^^^^^^^^^^^^^^^^^^^
  File "/usr/local/lib/python3.12/dist-packages/torch/distributed/elastic/multiprocessing/errors/__init__.py", line 355, in wrapper
    return f(*args, **kwargs)
           ^^^^^^^^^^^^^^^^^^
  File "/usr/local/lib/python3.12/dist-packages/torch/distributed/run.py", line 918, in main
    run(args)
  File "/usr/local/lib/python3.12/dist-packages/torch/distributed/run.py", line 909, in run
    elastic_launch(
  File "/usr/local/lib/python3.12/dist-packages/torch/distributed/launcher/api.py", line 138, in __call__
    return f(*args, **kwargs)
           ^^^^^^^^^^^^^^^^^^
  File "/usr/local/lib/python3.12/dist-packages/torch/distributed/run.py", line 918, in main
    run(args)
  File "/usr/local/lib/python3.12/dist-packages/torch/distributed/run.py", line 909, in run
    elastic_launch(
  File "/usr/local/lib/python3.12/dist-packages/torch/distributed/launcher/api.py", line 138, in __call__
    return launch_agent(self._config, self._entrypoint, list(args))
           ^^^^^^^^^^^^^^^^^^^^^^^^^^^^^^^^^^^^^^^^^^^^^^^^^^^^^^^^
  File "/usr/local/lib/python3.12/dist-packages/torch/distributed/launcher/api.py", line 269, in launch_agent
    raise ChildFailedError(
torch.distributed.elastic.multiprocessing.errors.ChildFailedError: 
============================================================
/iopsstor/scratch/cscs/yiswang/large-sc/project/train.py FAILED
------------------------------------------------------------
Failures:
[1]:
  time      : 2025-11-18_20:46:04
  host      : nid007362
  rank      : 5 (local_rank: 1)
  exitcode  : 1 (pid: 6313)
  error_file: <N/A>
  traceback : To enable traceback see: https://pytorch.org/docs/stable/elastic/errors.html
[2]:
  time      : 2025-11-18_20:46:04
  host      : nid007362
  rank      : 6 (local_rank: 2)
  exitcode  : 1 (pid: 6314)
  error_file: <N/A>
  traceback : To enable traceback see: https://pytorch.org/docs/stable/elastic/errors.html
[3]:
  time      : 2025-11-18_20:46:04
  host      : nid007362
  rank      : 7 (local_rank: 3)
  exitcode  : 1 (pid: 6315)
  error_file: <N/A>
  traceback : To enable traceback see: https://pytorch.org/docs/stable/elastic/errors.html
------------------------------------------------------------
Root Cause (first observed failure):
[0]:
  time      : 2025-11-18_20:46:04
  host      : nid007362
  rank      : 4 (local_rank: 0)
  exitcode  : 1 (pid: 6312)
  error_file: <N/A>
  traceback : To enable traceback see: https://pytorch.org/docs/stable/elastic/errors.html
============================================================
    return launch_agent(self._config, self._entrypoint, list(args))
           ^^^^^^^^^^^^^^^^^^^^^^^^^^^^^^^^^^^^^^^^^^^^^^^^^^^^^^^^
  File "/usr/local/lib/python3.12/dist-packages/torch/distributed/launcher/api.py", line 269, in launch_agent
    raise ChildFailedError(
torch.distributed.elastic.multiprocessing.errors.ChildFailedError: 
============================================================
/iopsstor/scratch/cscs/yiswang/large-sc/project/train.py FAILED
------------------------------------------------------------
Failures:
[1]:
  time      : 2025-11-18_20:46:04
  host      : nid007357
  rank      : 1 (local_rank: 1)
  exitcode  : 1 (pid: 88056)
  error_file: <N/A>
  traceback : To enable traceback see: https://pytorch.org/docs/stable/elastic/errors.html
[2]:
  time      : 2025-11-18_20:46:04
  host      : nid007357
  rank      : 2 (local_rank: 2)
  exitcode  : 1 (pid: 88057)
  error_file: <N/A>
  traceback : To enable traceback see: https://pytorch.org/docs/stable/elastic/errors.html
[3]:
  time      : 2025-11-18_20:46:04
  host      : nid007357
  rank      : 3 (local_rank: 3)
  exitcode  : 1 (pid: 88058)
  error_file: <N/A>
  traceback : To enable traceback see: https://pytorch.org/docs/stable/elastic/errors.html
------------------------------------------------------------
Root Cause (first observed failure):
[0]:
  time      : 2025-11-18_20:46:04
  host      : nid007357
  rank      : 0 (local_rank: 0)
  exitcode  : 1 (pid: 88055)
  error_file: <N/A>
  traceback : To enable traceback see: https://pytorch.org/docs/stable/elastic/errors.html
============================================================
srun: error: nid007357: task 0: Exited with exit code 1
srun: Terminating StepId=1107475.0
srun: error: nid007362: task 1: Exited with exit code 1
